INFO  2024-02-15T23:22:33.592 ThreadId(11) [1P:op-settings/src/store/json_store.rs:117] Settings file "/home/$USER/.config/1Password/settings/settings.json" missing, using defaults.
INFO  2024-02-15T23:22:33.592 ThreadId(11) [client:typescript] Client starting.
WARN  2024-02-15T23:22:34.394 ThreadId(11) [1P:op-crash-reporting/src/killswitch.rs:58] Failed to check Sentry enabled status, Sentry is disabled. Reason: IoError(IoError(error sending request for url (<redacted URL>): operation timed out))
INFO  2024-02-15T23:22:34.395 ThreadId(11) [1P:op-localization/src/lib.rs:239] system locale detected as 'en-AU'
INFO  2024-02-15T23:22:34.395 ThreadId(11) [1P:op-localization/src/lib.rs:265] selected translations for EN_US based on detected locale en-AU
INFO  2024-02-15T23:22:34.395 ThreadId(11) [status:op-app/src/app.rs:569] App::new(1Password for Linux/81024044 (EN_US), /home/$USER/.config/1Password/1password.sqlite, /home/$USER/.config/1Password/1password_resources.sqlite)
INFO  2024-02-15T23:22:34.396 ThreadId(11) [1P:data/op-db/src/common/mod.rs:120] Core DB Table Integrity Check Succeeded
INFO  2024-02-15T23:22:34.397 ThreadId(11) [1P:data/op-db/src/common/mod.rs:134] Core DB Integrity Check Succeeded
INFO  2024-02-15T23:22:34.397 ThreadId(11) [1P:data/op-db/src/core_db/db.rs:165] Starting Core DB at version: 0
INFO  2024-02-15T23:22:34.415 ThreadId(11) [1P:data/op-db/src/core_db/db.rs:190] Database is being created at '/home/$USER/.config/1Password/1password.sqlite' (sqlite: 3039002)
INFO  2024-02-15T23:22:34.421 ThreadId(11) [1P:data/op-db/src/core_db/db.rs:516] Updated DB Schema to version 001
INFO  2024-02-15T23:22:34.424 ThreadId(11) [1P:data/op-db/src/core_db/db.rs:538] Updated DB Schema to version 002
INFO  2024-02-15T23:22:34.429 ThreadId(11) [1P:data/op-db/src/core_db/db.rs:550] Updated DB Schema to version 003
INFO  2024-02-15T23:22:34.431 ThreadId(11) [1P:data/op-db/src/core_db/db.rs:566] Updated DB Schema to version 005
INFO  2024-02-15T23:22:34.434 ThreadId(11) [1P:data/op-db/src/core_db/db.rs:582] Updated DB Schema to version 006
INFO  2024-02-15T23:22:34.437 ThreadId(11) [1P:data/op-db/src/core_db/db.rs:596] Updated DB Schema to version 007
INFO  2024-02-15T23:22:34.439 ThreadId(11) [1P:data/op-db/src/core_db/db.rs:610] Updated DB Schema to version 008
INFO  2024-02-15T23:22:34.441 ThreadId(11) [1P:data/op-db/src/core_db/db.rs:624] Updated DB Schema to version 009
INFO  2024-02-15T23:22:34.444 ThreadId(11) [1P:data/op-db/src/core_db/db.rs:638] Updated DB Schema to version 011
INFO  2024-02-15T23:22:34.444 ThreadId(11) [1P:data/op-db/src/core_db/db.rs:653] Updated DB Schema to version 012
INFO  2024-02-15T23:22:34.446 ThreadId(11) [1P:data/op-db/src/core_db/db.rs:667] Updated DB Schema to version 013
INFO  2024-02-15T23:22:34.449 ThreadId(11) [1P:data/op-db/src/core_db/db.rs:681] Updated DB Schema to version 014
INFO  2024-02-15T23:22:34.452 ThreadId(11) [1P:data/op-db/src/core_db/db.rs:695] Updated DB Schema to version 015
INFO  2024-02-15T23:22:34.456 ThreadId(11) [1P:data/op-db/src/core_db/db.rs:709] Updated DB Schema to version 016
INFO  2024-02-15T23:22:34.460 ThreadId(11) [1P:data/op-db/src/core_db/db.rs:723] Updated DB Schema to version 017
INFO  2024-02-15T23:22:34.464 ThreadId(11) [1P:data/op-db/src/core_db/db.rs:737] Updated DB Schema to version 018
INFO  2024-02-15T23:22:34.467 ThreadId(11) [1P:data/op-db/src/core_db/db.rs:751] Updated DB Schema to version 019
INFO  2024-02-15T23:22:34.472 ThreadId(11) [1P:data/op-db/src/core_db/db.rs:865] Updated DB Schema to version 021
INFO  2024-02-15T23:22:34.474 ThreadId(11) [1P:data/op-db/src/core_db/db.rs:879] Updated DB Schema to version 022
INFO  2024-02-15T23:22:34.479 ThreadId(11) [1P:data/op-db/src/core_db/db.rs:893] Updated DB Schema to version 023
INFO  2024-02-15T23:22:34.481 ThreadId(11) [1P:data/op-db/src/core_db/db.rs:907] Updated DB Schema to version 024
INFO  2024-02-15T23:22:34.486 ThreadId(11) [1P:data/op-db/src/core_db/db.rs:921] Updated DB Schema to version 025
INFO  2024-02-15T23:22:34.488 ThreadId(11) [1P:data/op-db/src/core_db/db.rs:1035] Updated DB Schema to version 026
INFO  2024-02-15T23:22:34.490 ThreadId(11) [1P:data/op-db/src/core_db/db.rs:1049] Updated DB Schema to version 027
INFO  2024-02-15T23:22:34.494 ThreadId(11) [1P:data/op-db/src/core_db/db.rs:1063] Updated DB Schema to version 028
INFO  2024-02-15T23:22:34.497 ThreadId(11) [1P:data/op-db/src/core_db/db.rs:1077] Updated DB Schema to version 029
INFO  2024-02-15T23:22:34.500 ThreadId(11) [1P:data/op-db/src/core_db/db.rs:1091] Updated DB Schema to version 030
INFO  2024-02-15T23:22:34.503 ThreadId(11) [1P:data/op-db/src/common/mod.rs:120] Resources DB Table Integrity Check Succeeded
INFO  2024-02-15T23:22:34.503 ThreadId(11) [1P:data/op-db/src/common/mod.rs:134] Resources DB Integrity Check Succeeded
INFO  2024-02-15T23:22:34.503 ThreadId(11) [1P:data/op-db/src/resources_db/db.rs:133] Starting Resources DB at version: 0
INFO  2024-02-15T23:22:34.503 ThreadId(11) [1P:data/op-db/src/resources_db/db.rs:141] Resources Database is being created at '/home/$USER/.config/1Password/1password_resources.sqlite' (sqlite: 3039002)
INFO  2024-02-15T23:22:34.509 ThreadId(11) [1P:data/op-db/src/resources_db/db.rs:246] Updated DB Schema to version 001
ERROR 2024-02-15T23:22:34.512 ThreadId(11) [1P:/builds/dev/core/core/ssh/op-ssh-config/src/lib.rs:183] Failed to start ssh config file watcher: Io(Os { code: 2, kind: NotFound, message: "No such file or directory" })
INFO  2024-02-15T23:22:34.512 tokio-runtime-worker(ThreadId(4)) [1P:native-messaging/op-native-core-integration/src/lib.rs:328] Starting IPC listener on 1Password-BrowserSupport
INFO  2024-02-15T23:22:34.513 tokio-runtime-worker(ThreadId(4)) [1P:native-messaging/op-native-core-integration/src/lib.rs:340] Active native core integration is awaiting messages
INFO  2024-02-15T23:22:34.513 tokio-runtime-worker(ThreadId(1)) [1P:native-messaging/op-nm-installer/src/nix_utils.rs:48] Creating manifest directory for Chromium at /home/$USER/.config/google-chrome/NativeMessagingHosts
INFO  2024-02-15T23:22:34.513 tokio-runtime-worker(ThreadId(1)) [1P:native-messaging/op-nm-installer/src/nix_utils.rs:68] Created NMH manifest at /home/$USER/.config/google-chrome/NativeMessagingHosts/com.1password.1password.json
INFO  2024-02-15T23:22:34.513 tokio-runtime-worker(ThreadId(1)) [1P:native-messaging/op-nm-installer/src/nix_utils.rs:48] Creating manifest directory for Chromium at /home/$USER/.config/google-chrome-beta/NativeMessagingHosts
INFO  2024-02-15T23:22:34.513 tokio-runtime-worker(ThreadId(1)) [1P:native-messaging/op-nm-installer/src/nix_utils.rs:68] Created NMH manifest at /home/$USER/.config/google-chrome-beta/NativeMessagingHosts/com.1password.1password.json
INFO  2024-02-15T23:22:34.513 tokio-runtime-worker(ThreadId(1)) [1P:native-messaging/op-nm-installer/src/nix_utils.rs:48] Creating manifest directory for Chromium at /home/$USER/.config/google-chrome-unstable/NativeMessagingHosts
INFO  2024-02-15T23:22:34.514 tokio-runtime-worker(ThreadId(1)) [1P:native-messaging/op-nm-installer/src/nix_utils.rs:68] Created NMH manifest at /home/$USER/.config/google-chrome-unstable/NativeMessagingHosts/com.1password.1password.json
INFO  2024-02-15T23:22:34.514 tokio-runtime-worker(ThreadId(1)) [1P:native-messaging/op-nm-installer/src/nix_utils.rs:48] Creating manifest directory for Chromium at /home/$USER/.config/chromium/NativeMessagingHosts
INFO  2024-02-15T23:22:34.514 tokio-runtime-worker(ThreadId(1)) [1P:native-messaging/op-nm-installer/src/nix_utils.rs:68] Created NMH manifest at /home/$USER/.config/chromium/NativeMessagingHosts/com.1password.1password.json
INFO  2024-02-15T23:22:34.514 tokio-runtime-worker(ThreadId(1)) [1P:native-messaging/op-nm-installer/src/nix_utils.rs:48] Creating manifest directory for Chromium at /home/$USER/.config/microsoft-edge-dev/NativeMessagingHosts
INFO  2024-02-15T23:22:34.514 tokio-runtime-worker(ThreadId(1)) [1P:native-messaging/op-nm-installer/src/nix_utils.rs:68] Created NMH manifest at /home/$USER/.config/microsoft-edge-dev/NativeMessagingHosts/com.1password.1password.json
INFO  2024-02-15T23:22:34.514 tokio-runtime-worker(ThreadId(1)) [1P:native-messaging/op-nm-installer/src/nix_utils.rs:48] Creating manifest directory for Chromium at /home/$USER/.config/BraveSoftware/Brave-Browser/NativeMessagingHosts
INFO  2024-02-15T23:22:34.514 tokio-runtime-worker(ThreadId(1)) [1P:native-messaging/op-nm-installer/src/nix_utils.rs:68] Created NMH manifest at /home/$USER/.config/BraveSoftware/Brave-Browser/NativeMessagingHosts/com.1password.1password.json
INFO  2024-02-15T23:22:34.514 tokio-runtime-worker(ThreadId(1)) [1P:native-messaging/op-nm-installer/src/nix_utils.rs:48] Creating manifest directory for Chromium at /home/$USER/.config/vivaldi/NativeMessagingHosts
INFO  2024-02-15T23:22:34.514 tokio-runtime-worker(ThreadId(1)) [1P:native-messaging/op-nm-installer/src/nix_utils.rs:68] Created NMH manifest at /home/$USER/.config/vivaldi/NativeMessagingHosts/com.1password.1password.json
INFO  2024-02-15T23:22:34.514 tokio-runtime-worker(ThreadId(1)) [1P:native-messaging/op-nm-installer/src/nix_utils.rs:48] Creating manifest directory for Chromium at /home/$USER/.config/vivaldi-snapshot/NativeMessagingHosts
INFO  2024-02-15T23:22:34.515 tokio-runtime-worker(ThreadId(1)) [1P:native-messaging/op-nm-installer/src/nix_utils.rs:68] Created NMH manifest at /home/$USER/.config/vivaldi-snapshot/NativeMessagingHosts/com.1password.1password.json
INFO  2024-02-15T23:22:34.515 tokio-runtime-worker(ThreadId(1)) [1P:native-messaging/op-nm-installer/src/nix_utils.rs:48] Creating manifest directory for Firefox at /home/$USER/.mozilla/native-messaging-hosts
INFO  2024-02-15T23:22:34.515 tokio-runtime-worker(ThreadId(1)) [1P:native-messaging/op-nm-installer/src/nix_utils.rs:68] Created NMH manifest at /home/$USER/.mozilla/native-messaging-hosts/com.1password.1password.json
INFO  2024-02-15T23:22:34.515 tokio-runtime-worker(ThreadId(1)) [1P:native-messaging/op-nm-installer/src/nix_utils.rs:83] Successfully installed all native messaging manifests.
INFO  2024-02-15T23:22:34.515 tokio-runtime-worker(ThreadId(6)) [1P:ssh/op-agent-controller/src/desktop.rs:438] Starting filesystem watcher for SSH agent configuration directories...
ERROR 2024-02-15T23:22:34.516 tokio-runtime-worker(ThreadId(6)) [1P:/builds/dev/core/core/ssh/op-agent-controller/src/desktop.rs:439] Io(Os { code: 2, kind: NotFound, message: "No such file or directory" })
ERROR 2024-02-15T23:22:34.534 ThreadId(11) [client:typescript] Could not load window state.
INFO  2024-02-15T23:22:34.881 tokio-runtime-worker(ThreadId(2)) [1P:op-app/src/app/backend/unlock.rs:538] System unlock was attempted but we cannot use it.
INFO  2024-02-15T23:23:40.204 tokio-runtime-worker(ThreadId(8)) [1P:op-b5-client/src/internal/unauthorized_session.rs:845] Registered device xlrevdqkpbsmxjsqeahedlrz2e
INFO  2024-02-15T23:23:41.292 tokio-runtime-worker(ThreadId(8)) [1P:op-b5-client/src/internal/unauthorized_session.rs:1042] Skipping MFA because server did not return MFA config
INFO  2024-02-15T23:23:41.293 tokio-runtime-worker(ThreadId(8)) [1P:data/op-add-account/src/first_sync.rs:415] starting initial account sync
INFO  2024-02-15T23:23:46.149 tokio-runtime-worker(ThreadId(5)) [1P:op-syncer/src/sync_job.rs:314] synced account WR7QGOOJ2NGUPHE6FWXSTJ4EQE (4.856500888s)
INFO  2024-02-15T23:23:46.211 tokio-runtime-worker(ThreadId(5)) [1P:/builds/dev/core/core/data/ext/op-account-ext-settings-authentication/src/lib.rs:211] loaded settings authentication key: none
INFO  2024-02-15T23:23:46.211 tokio-runtime-worker(ThreadId(5)) [1P:data/ext/op-account-ext-items/src/lib.rs:262] loaded 0 items in 3 vaults for account: WR7QGOOJ2NGUPHE6FWXSTJ4EQE
INFO  2024-02-15T23:23:46.212 tokio-runtime-worker(ThreadId(2)) [1P:op-app/src/app/backend/load.rs:401] starting refresher task during initial account sign-in
ERROR 2024-02-15T23:23:46.213 tokio-runtime-worker(ThreadId(5)) [1P:op-auto-lock/src/linux.rs:210] Could not connect to the X server: XcbEventError
INFO  2024-02-15T23:23:46.213 tokio-runtime-worker(ThreadId(5)) [1P:data/ext/op-account-ext-settings-authentication/src/lib.rs:286] No and/or corrupt account setting authentication key, generating a new one.
INFO  2024-02-15T23:23:46.213 tokio-runtime-worker(ThreadId(5)) [1P:data/ext/op-account-ext-settings-authentication/src/lib.rs:306] Applying new setting authentication key (69371d6a73862fee) to account (WR7QGOOJ2NGUPHE6FWXSTJ4EQE).
INFO  2024-02-15T23:23:46.213 tokio-runtime-worker(ThreadId(5)) [1P:op-settings/src/store/json_store.rs:685] initializing settings authentication with key 69371d6a73862fee
INFO  2024-02-15T23:23:46.213 tokio-runtime-worker(ThreadId(7)) [1P:op-settings/src/store/json_store.rs:117] Settings file "/home/$USER/.config/1Password/settings/settings.json" missing, using defaults.
INFO  2024-02-15T23:23:46.213 tokio-runtime-worker(ThreadId(5)) [1P:op-app/src/app/backend/unlock.rs:135] Lock state changed: Unlocked
INFO  2024-02-15T23:23:46.213 tokio-runtime-worker(ThreadId(5)) [1P:op-app/src/app/backend/unlock.rs:166] Processing unlocked account WR7QGOOJ2NGUPHE6FWXSTJ4EQE
INFO  2024-02-15T23:23:46.213 tokio-runtime-worker(ThreadId(1)) [1P:op-app/src/app/backend/load.rs:410] refreshing ui for pending sign-in
INFO  2024-02-15T23:23:47.183 tokio-runtime-worker(ThreadId(7)) [1P:data/ext/op-account-ext-syncer/src/lib.rs:249] The B5 Notifier for (WR7QGOOJ2NGUPHE6FWXSTJ4EQE) has connected, now monitoring for events.
INFO  2024-02-15T23:23:49.314 tokio-runtime-worker(ThreadId(7)) [1P:op-syncer/src/sync_job.rs:314] synced account WR7QGOOJ2NGUPHE6FWXSTJ4EQE (3.101483434s)
INFO  2024-02-15T23:23:49.315 tokio-runtime-worker(ThreadId(2)) [1P:data/op-file-transfer/src/lib.rs:579] find_and_complete_pending_uploads: 'WR7QGOOJ2NGUPHE6FWXSTJ4EQE'
INFO  2024-02-15T23:23:49.315 tokio-runtime-worker(ThreadId(8)) [1P:op-app/src/app/backend/load.rs:415] shutting down refresher task
INFO  2024-02-15T23:23:49.610 tokio-runtime-worker(ThreadId(4)) [1P:op-syncer/src/sync_job.rs:314] synced account WR7QGOOJ2NGUPHE6FWXSTJ4EQE (0.294753977s)
INFO  2024-02-15T23:24:00.565 tokio-runtime-worker(ThreadId(8)) [1P:op-syncer/src/sync_job.rs:314] synced account WR7QGOOJ2NGUPHE6FWXSTJ4EQE (0.626294898s)
INFO  2024-02-15T23:25:12.264 tokio-runtime-worker(ThreadId(8)) [1P:native-messaging/op-native-core-integration/src/lib.rs:406] Extension connecting.
INFO  2024-02-15T23:25:12.265 tokio-runtime-worker(ThreadId(8)) [1P:native-messaging/op-native-core-integration/src/lib.rs:408] Extension connection accepted.
